#
# A fatal error has been detected by the Java Runtime Environment:
#
#  EXCEPTION_ACCESS_VIOLATION (0xc0000005) at pc=0x00007ffed45769f0, pid=25816, tid=31248
#
# JRE version: 6.0_17-b04
# Java VM: Java HotSpot(TM) 64-Bit Server VM (14.3-b01 mixed mode windows-amd64 )
# Problematic frame:
# C  0x00007ffed45769f0
#
# If you would like to submit a bug report, please visit:
#   http://java.sun.com/webapps/bugreport/crash.jsp
# The crash happened outside the Java Virtual Machine in native code.
# See problematic frame for where to report the bug.
#

---------------  T H R E A D  ---------------

Current thread (0x0000000037cf6000):  JavaThread "AWT-EventQueue-0" [_thread_in_native, id=31248, stack(0x000000000fc90000,0x000000000fd10000)]

siginfo: ExceptionCode=0xc0000005, ExceptionInformation=0x0000000000000008 0x00007ffed45769f0

Registers:
EAX=0xffffffffee013ef0, EBX=0x0000000000000019, ECX=0xffffffffee013ef0, EDX=0x0000000000000000
ESP=0x000000000fd0eda8, EBP=0x000000000fd0eee0, ESI=0x0000000037cf61b8, EDI=0x00000000389fb620
EIP=0x00007ffed45769f0, EFLAGS=0x0000000000010286

Top of Stack: (sp=0x000000000fd0eda8)
0x000000000fd0eda8:   000000007a993350 0000000000000000
0x000000000fd0edb8:   0000000000000019 0000000037cf61b8
0x000000000fd0edc8:   000000000d842580 0000000000000019
0x000000000fd0edd8:   0000000000f00021 00000000fff0f0f0
0x000000000fd0ede8:   000000002952a118 0000000000f00021
0x000000000fd0edf8:   0000000000000000 0000000000000000
0x000000000fd0ee08:   0000000018ca1500 000000000d842580
0x000000000fd0ee18:   0000000000000568 00000000199755d8
0x000000000fd0ee28:   0000000014b61588 0000000000000000
0x000000000fd0ee38:   0000000000000000 0000000000000000
0x000000000fd0ee48:   000000001502e8a4 000000000fd0ef28
0x000000000fd0ee58:   00000000fff0f0f0 0000000000000000
0x000000000fd0ee68:   0000000000000000 0000000000000568
0x000000000fd0ee78:   0000000000000019 0000000019973c10
0x000000000fd0ee88:   0000000000000000 0000000019973768
0x000000000fd0ee98:   000000006d90f92a 000000000fd0eea0 

Instructions: (pc=0x00007ffed45769f0)
0x00007ffed45769e0:   
[error occurred during error reporting (printing registers, top of stack, instructions near pc), id 0xc0000005]

Stack: [0x000000000fc90000,0x000000000fd10000],  sp=0x000000000fd0eda8,  free space=507k
Native frames: (J=compiled Java code, j=interpreted, Vv=VM code, C=native code)
C  0x00007ffed45769f0
j  sun.java2d.windows.GDIRenderer.fillRect(Lsun/java2d/SunGraphics2D;IIII)V+33
j  sun.java2d.pipe.ValidatePipe.fillRect(Lsun/java2d/SunGraphics2D;IIII)V+19

Java frames: (J=compiled Java code, j=interpreted, Vv=VM code)
j  sun.java2d.windows.GDIRenderer.doFillRect(Lsun/java2d/SurfaceData;Lsun/java2d/pipe/Region;Ljava/awt/Composite;IIIII)V+0
j  sun.java2d.windows.GDIRenderer.fillRect(Lsun/java2d/SunGraphics2D;IIII)V+33
j  sun.java2d.pipe.ValidatePipe.fillRect(Lsun/java2d/SunGraphics2D;IIII)V+19
J  sun.java2d.SunGraphics2D.fillRect(IIII)V
j  javax.swing.plaf.ComponentUI.update(Ljava/awt/Graphics;Ljavax/swing/JComponent;)V+26
j  javax.swing.JComponent.paintComponent(Ljava/awt/Graphics;)V+26
J  javax.swing.JComponent.paint(Ljava/awt/Graphics;)V
j  java.awt.GraphicsCallback$PaintCallback.run(Ljava/awt/Component;Ljava/awt/Graphics;)V+2
j  sun.awt.SunGraphicsCallback.runOneComponent(Ljava/awt/Component;Ljava/awt/Rectangle;Ljava/awt/Graphics;Ljava/awt/Shape;I)V+155
j  sun.awt.SunGraphicsCallback.runComponents([Ljava/awt/Component;Ljava/awt/Graphics;I)V+104
j  java.awt.Container.paint(Ljava/awt/Graphics;)V+73
j  sun.awt.RepaintArea.paintComponent(Ljava/awt/Component;Ljava/awt/Graphics;)V+6
j  sun.awt.RepaintArea.paint(Ljava/lang/Object;Z)V+326
j  sun.awt.windows.WComponentPeer.handleEvent(Ljava/awt/AWTEvent;)V+107
j  java.awt.Component.dispatchEventImpl(Ljava/awt/AWTEvent;)V+853
J  java.awt.Container.dispatchEventImpl(Ljava/awt/AWTEvent;)V
J  java.awt.EventDispatchThread.pumpOneEventForFilters(I)Z
J  java.awt.EventDispatchThread.pumpEventsForFilter(ILjava/awt/Conditional;Ljava/awt/EventFilter;)V
j  java.awt.EventDispatchThread.pumpEventsForHierarchy(ILjava/awt/Conditional;Ljava/awt/Component;)V+11
j  java.awt.EventDispatchThread.pumpEvents(ILjava/awt/Conditional;)V+4
j  java.awt.EventDispatchThread.pumpEvents(Ljava/awt/Conditional;)V+3
j  java.awt.EventDispatchThread.run()V+9
v  ~StubRoutines::call_stub

---------------  P R O C E S S  ---------------

Java Threads: ( => current thread )
  0x0000000038947000 JavaThread "Code Analyzer updating thread" [_thread_blocked, id=13096, stack(0x00000000586a0000,0x0000000058720000)]
  0x0000000038945800 JavaThread "Code Analyzer updating thread" [_thread_blocked, id=8984, stack(0x0000000039fd0000,0x000000003a050000)]
  0x0000000038942800 JavaThread "Code Analyzer updating thread" [_thread_blocked, id=42244, stack(0x0000000039ed0000,0x0000000039f50000)]
  0x000000003893b800 JavaThread "RequestQueue for GenericFileList" [_thread_blocked, id=45656, stack(0x0000000039e50000,0x0000000039ed0000)]
  0x0000000038942000 JavaThread "Code Analyzer updating thread" [_thread_blocked, id=44888, stack(0x0000000039dd0000,0x0000000039e50000)]
  0x0000000038941800 JavaThread "Code Analyzer updating thread" [_thread_blocked, id=29028, stack(0x0000000039bc0000,0x0000000039c40000)]
  0x0000000038940800 JavaThread "Code Analyzer updating thread" [_thread_blocked, id=18332, stack(0x0000000039b40000,0x0000000039bc0000)]
  0x000000003893d000 JavaThread "Code Analyzer updating thread" [_thread_blocked, id=44960, stack(0x0000000039ac0000,0x0000000039b40000)]
  0x000000003893d800 JavaThread "Code Analyzer updating thread" [_thread_blocked, id=40744, stack(0x0000000039a40000,0x0000000039ac0000)]
  0x000000003893e800 JavaThread "Code Analyzer updating thread" [_thread_blocked, id=41428, stack(0x00000000399c0000,0x0000000039a40000)]
  0x0000000038940000 JavaThread "Code Analyzer updating thread" [_thread_blocked, id=22592, stack(0x0000000039940000,0x00000000399c0000)]
  0x000000003893f000 JavaThread "Code Analyzer updating thread" [_thread_blocked, id=33600, stack(0x0000000039840000,0x00000000398c0000)]
  0x0000000037d4a800 JavaThread "Code Analyzer updating thread" [_thread_blocked, id=19644, stack(0x000000000d730000,0x000000000d7b0000)]
  0x0000000037d48800 JavaThread "Code Analyzer updating thread" [_thread_blocked, id=43396, stack(0x000000000d6b0000,0x000000000d730000)]
  0x0000000037d49000 JavaThread "Code Analyzer updating thread" [_thread_blocked, id=48912, stack(0x000000000d620000,0x000000000d6a0000)]
  0x0000000037d4a000 JavaThread "Active Reference Queue Daemon" daemon [_thread_blocked, id=36076, stack(0x000000003a230000,0x000000003a2b0000)]
  0x0000000037d47000 JavaThread "Timer-8" daemon [_thread_blocked, id=34760, stack(0x000000003a1b0000,0x000000003a230000)]
  0x0000000037d46000 JavaThread "Timer-7" daemon [_thread_blocked, id=27456, stack(0x000000000d810000,0x000000000d890000)]
  0x0000000037d43800 JavaThread "Prefs Updater" daemon [_thread_blocked, id=40036, stack(0x00000000398c0000,0x0000000039940000)]
  0x0000000037d44800 JavaThread "Timer-1" [_thread_blocked, id=28976, stack(0x00000000387f0000,0x0000000038870000)]
  0x0000000037d47800 JavaThread "FelixPackageAdmin" daemon [_thread_blocked, id=38592, stack(0x000000000ff10000,0x000000000ff90000)]
  0x0000000037961000 JavaThread "FelixStartLevel" daemon [_thread_blocked, id=37224, stack(0x000000000fe90000,0x000000000ff10000)]
  0x0000000037e2e000 JavaThread "FelixDispatchQueue" daemon [_thread_blocked, id=49132, stack(0x000000000fe10000,0x000000000fe90000)]
  0x00000000376fc000 JavaThread "TimerQueue" daemon [_thread_blocked, id=14244, stack(0x000000000fd10000,0x000000000fd90000)]
=>0x0000000037cf6000 JavaThread "AWT-EventQueue-0" [_thread_in_native, id=31248, stack(0x000000000fc90000,0x000000000fd10000)]
  0x00000000374da000 JavaThread "AWT-Windows" daemon [_thread_in_native, id=50060, stack(0x000000000e470000,0x000000000e4f0000)]
  0x00000000374d9000 JavaThread "AWT-Shutdown" [_thread_blocked, id=4248, stack(0x000000000e3f0000,0x000000000e470000)]
  0x00000000374c6000 JavaThread "Java2D Disposer" daemon [_thread_blocked, id=44944, stack(0x000000000e370000,0x000000000e3f0000)]
  0x000000000e12c000 JavaThread "Timer-0" [_thread_blocked, id=9600, stack(0x000000000de30000,0x000000000deb0000)]
  0x000000000df77000 JavaThread "JMI Unnamed Thread" [_thread_in_native, id=36920, stack(0x0000000013750000,0x0000000014b50000)]
  0x000000000da89000 JavaThread "Low Memory Detector" daemon [_thread_blocked, id=37588, stack(0x000000000dd90000,0x000000000de10000)]
  0x000000000da87000 JavaThread "CompilerThread1" daemon [_thread_blocked, id=41456, stack(0x0000000034820000,0x0000000035c20000)]
  0x000000000da86000 JavaThread "CompilerThread0" daemon [_thread_blocked, id=33328, stack(0x0000000033420000,0x0000000034820000)]
  0x000000000da83800 JavaThread "Attach Listener" daemon [_thread_blocked, id=37804, stack(0x000000000dd10000,0x000000000dd90000)]
  0x000000000da6a800 JavaThread "Finalizer" daemon [_thread_blocked, id=32096, stack(0x000000000dc80000,0x000000000dd00000)]
  0x000000000da63800 JavaThread "Reference Handler" daemon [_thread_blocked, id=12940, stack(0x000000000dc00000,0x000000000dc80000)]
  0x0000000007b87000 JavaThread "main" [_thread_in_native, id=36776, stack(0x0000000000400000,0x0000000001800000)]

Other Threads:
  0x0000000007c7e800 VMThread [stack: 0x0000000032020000,0x0000000033420000] [id=11760]
  0x000000000dab6000 WatcherThread [stack: 0x0000000035c20000,0x0000000037020000] [id=33848]

VM state:not at safepoint (normal execution)

VM Mutex/Monitor currently owned by a thread: None

Heap
 PSYoungGen      total 16128K, used 7168K [0x0000000028e50000, 0x0000000029e50000, 0x000000002bf50000)
  eden space 16000K, 44% used [0x0000000028e50000,0x0000000029530380,0x0000000029df0000)
  from space 128K, 100% used [0x0000000029e30000,0x0000000029e50000,0x0000000029e50000)
  to   space 192K, 0% used [0x0000000029df0000,0x0000000029df0000,0x0000000029e20000)
 PSOldGen        total 102912K, used 96321K [0x000000001fb50000, 0x0000000025fd0000, 0x0000000028e50000)
  object space 102912K, 93% used [0x000000001fb50000,0x00000000259606b8,0x0000000025fd0000)
 PSPermGen       total 107840K, used 57649K [0x0000000017b50000, 0x000000001e4a0000, 0x000000001fb50000)
  object space 107840K, 53% used [0x0000000017b50000,0x000000001b39c570,0x000000001e4a0000)

Dynamic libraries:
0x0000000140000000 - 0x0000000140029000 	C:\Program Files\MATLAB\R2010b\bin\win64\MATLAB.exe
0x00007ffef7200000 - 0x00007ffef73d1000 	C:\Windows\SYSTEM32\ntdll.dll
0x00007ffef4e20000 - 0x00007ffef4ecb000 	C:\Windows\System32\KERNEL32.DLL
0x00007ffef3710000 - 0x00007ffef392d000 	C:\Windows\System32\KERNELBASE.dll
0x000000007d080000 - 0x000000007d18e000 	C:\Program Files\MATLAB\R2010b\bin\win64\libut.dll
0x0000000078a10000 - 0x0000000078b49000 	C:\Program Files\MATLAB\R2010b\bin\win64\libmwfl.dll
0x000000007d200000 - 0x000000007d460000 	C:\Program Files\MATLAB\R2010b\bin\win64\libmwservices.dll
0x000000007b0c0000 - 0x000000007b17a000 	C:\Program Files\MATLAB\R2010b\bin\win64\mcr.dll
0x00007ffef4890000 - 0x00007ffef48ac000 	C:\Windows\System32\imagehlp.dll
0x00007ffef6fb0000 - 0x00007ffef6fb8000 	C:\Windows\System32\PSAPI.DLL
0x00007ffef3f50000 - 0x00007ffef4045000 	C:\Windows\System32\ucrtbase.dll
0x00007ffef6fc0000 - 0x00007ffef7125000 	C:\Windows\System32\USER32.dll
0x00007ffef36f0000 - 0x00007ffef370e000 	C:\Windows\System32\win32u.dll
0x00007ffef6640000 - 0x00007ffef6674000 	C:\Windows\System32\GDI32.dll
0x00007ffef7130000 - 0x00007ffef71d2000 	C:\Windows\System32\ADVAPI32.dll
0x00007ffef3a30000 - 0x00007ffef3bb2000 	C:\Windows\System32\gdi32full.dll
0x00007ffef4790000 - 0x00007ffef482e000 	C:\Windows\System32\msvcrt.dll
0x00007ffef6b20000 - 0x00007ffef6b79000 	C:\Windows\System32\sechost.dll
0x00007ffef49f0000 - 0x00007ffef4b11000 	C:\Windows\System32\RPCRT4.dll
0x000000005cf70000 - 0x000000005d079000 	C:\Windows\WinSxS\amd64_microsoft.vc80.crt_1fc8b3b9a1e18e3b_8.0.50727.9268_none_88e0de612fadfb38\MSVCP80.dll
0x00007ffef4c80000 - 0x00007ffef4d7a000 	C:\Windows\System32\comdlg32.dll
0x000000005d4f0000 - 0x000000005d5b9000 	C:\Windows\WinSxS\amd64_microsoft.vc80.crt_1fc8b3b9a1e18e3b_8.0.50727.9268_none_88e0de612fadfb38\MSVCR80.dll
0x0000000180000000 - 0x000000018007c000 	C:\Program Files\MATLAB\R2010b\bin\win64\libmwi18n.dll
0x00007ffef6680000 - 0x00007ffef6948000 	C:\Windows\System32\combase.dll
0x00007ffef3d90000 - 0x00007ffef3dfa000 	C:\Windows\System32\bcryptPrimitives.dll
0x00000000001c0000 - 0x00000000001d0000 	C:\Program Files\MATLAB\R2010b\bin\win64\boost_date_time-vc80-mt-1_40.dll
0x00007ffef3930000 - 0x00007ffef39d9000 	C:\Windows\System32\shcore.dll
0x00007ffef4fa0000 - 0x00007ffef4ff2000 	C:\Windows\System32\SHLWAPI.dll
0x00007ffef5130000 - 0x00007ffef6638000 	C:\Windows\System32\SHELL32.dll
0x00007ffef39e0000 - 0x00007ffef3a22000 	C:\Windows\System32\cfgmgr32.dll
0x00007ffef4050000 - 0x00007ffef472a000 	C:\Windows\System32\windows.storage.dll
0x00007ffef3690000 - 0x00007ffef36dc000 	C:\Windows\System32\powrprof.dll
0x00007ffef3660000 - 0x00007ffef366f000 	C:\Windows\System32\kernel.appcore.dll
0x00007ffef3670000 - 0x00007ffef3684000 	C:\Windows\System32\profapi.dll
0x00007ffef50c0000 - 0x00007ffef512a000 	C:\Windows\System32\WS2_32.dll
0x00000000001e0000 - 0x00000000001e9000 	C:\Program Files\MATLAB\R2010b\bin\win64\boost_system-vc80-mt-1_40.dll
0x00007ffef48b0000 - 0x00007ffef49e7000 	C:\Windows\System32\ole32.dll
0x00000000054d0000 - 0x00000000054e3000 	C:\Program Files\MATLAB\R2010b\bin\win64\boost_thread-vc80-mt-1_40.dll
0x000000007d590000 - 0x000000007d6ca000 	C:\Program Files\MATLAB\R2010b\bin\win64\icuuc42.dll
0x000000007cab0000 - 0x000000007cac0000 	C:\Program Files\MATLAB\R2010b\bin\win64\icuio42.dll
0x0000000005510000 - 0x000000000552b000 	C:\Program Files\MATLAB\R2010b\bin\win64\boost_filesystem-vc80-mt-1_40.dll
0x0000000005540000 - 0x0000000005626000 	C:\Program Files\MATLAB\R2010b\bin\win64\boost_regex-vc80-mt-1_40.dll
0x0000000005640000 - 0x0000000005654000 	C:\Program Files\MATLAB\R2010b\bin\win64\boost_signals-vc80-mt-1_40.dll
0x0000000005670000 - 0x00000000056ae000 	C:\Program Files\MATLAB\R2010b\bin\win64\tbb.dll
0x000000007d460000 - 0x000000007d58e000 	C:\Program Files\MATLAB\R2010b\bin\win64\libmwmathutil.dll
0x000000007d190000 - 0x000000007d1fd000 	C:\Program Files\MATLAB\R2010b\bin\win64\libmx.dll
0x000000007acf0000 - 0x000000007ad51000 	C:\Program Files\MATLAB\R2010b\bin\win64\mpath.dll
0x000000007d8b0000 - 0x000000007db80000 	C:\Program Files\MATLAB\R2010b\bin\win64\mlutil.dll
0x00007ffed1d40000 - 0x00007ffed1dec000 	C:\Windows\WinSxS\amd64_microsoft.windows.common-controls_6595b64144ccf1df_5.82.14393.447_none_0d5aa7fbb6d35646\COMCTL32.dll
0x00007ffee6640000 - 0x00007ffee6658000 	C:\Windows\SYSTEM32\NETAPI32.dll
0x000000007cac0000 - 0x000000007cb74000 	C:\Program Files\MATLAB\R2010b\bin\win64\iqm.dll
0x0000000078360000 - 0x000000007838c000 	C:\Program Files\MATLAB\R2010b\bin\win64\libmwbridge.dll
0x000000007cba0000 - 0x000000007cbb0000 	C:\Program Files\MATLAB\R2010b\bin\win64\libmex.dll
0x000000007af40000 - 0x000000007afd6000 	C:\Program Files\MATLAB\R2010b\bin\win64\m_dispatcher.dll
0x0000000078b50000 - 0x0000000078d89000 	C:\Program Files\MATLAB\R2010b\bin\win64\mcos.dll
0x000000007d6d0000 - 0x000000007d82b000 	C:\Program Files\MATLAB\R2010b\bin\win64\libmwgui.dll
0x0000000079250000 - 0x0000000079ad7000 	C:\Program Files\MATLAB\R2010b\bin\win64\hg.dll
0x0000000078740000 - 0x00000000787fa000 	C:\Program Files\MATLAB\R2010b\bin\win64\hgutils.dll
0x000000007b860000 - 0x000000007bfdf000 	C:\Program Files\MATLAB\R2010b\bin\win64\m_interpreter.dll
0x000000007aba0000 - 0x000000007ac24000 	C:\Program Files\MATLAB\R2010b\bin\win64\jmi.dll
0x000000007b180000 - 0x000000007b231000 	C:\Program Files\MATLAB\R2010b\bin\win64\udd_mi.dll
0x000000007c7e0000 - 0x000000007caa9000 	C:\Program Files\MATLAB\R2010b\bin\win64\uiw.dll
0x00007ffef5000000 - 0x00007ffef50bf000 	C:\Windows\System32\OLEAUT32.dll
0x00007ffef3e00000 - 0x00007ffef3e9c000 	C:\Windows\System32\msvcp_win.dll
0x0000000079150000 - 0x0000000079168000 	C:\Program Files\MATLAB\R2010b\bin\win64\mwoles05.DLL
0x000000007ad60000 - 0x000000007add3000 	C:\Program Files\MATLAB\R2010b\bin\win64\comcli.dll
0x000000007cc60000 - 0x000000007cc6e000 	C:\Program Files\MATLAB\R2010b\bin\win64\mlautoregister.dll
0x000000007d880000 - 0x000000007d8a8000 	C:\Program Files\MATLAB\R2010b\bin\win64\LIBEXPAT.dll
0x000000007cce0000 - 0x000000007ce59000 	C:\Program Files\MATLAB\R2010b\bin\win64\icuin42.dll
0x0000000010000000 - 0x0000000010f47000 	C:\Program Files\MATLAB\R2010b\bin\win64\icudt42.dll
0x00000000791e0000 - 0x00000000791f7000 	C:\Program Files\MATLAB\R2010b\bin\win64\zlib1.dll
0x000000007eb00000 - 0x000000007eb8b000 	C:\Program Files\MATLAB\R2010b\bin\win64\xmlcore.dll
0x000000007a670000 - 0x000000007a905000 	C:\Program Files\MATLAB\R2010b\bin\win64\xerces-c_2_7.dll
0x000000007c720000 - 0x000000007c7e0000 	C:\Program Files\MATLAB\R2010b\bin\win64\udd.dll
0x0000000078800000 - 0x00000000789f4000 	C:\Program Files\MATLAB\R2010b\bin\win64\hgdatatypes.dll
0x000000007ade0000 - 0x000000007ae71000 	C:\Program Files\MATLAB\R2010b\bin\win64\profiler.dll
0x000000007cc20000 - 0x000000007cc51000 	C:\Program Files\MATLAB\R2010b\bin\win64\libmwmathrng.dll
0x0000000079130000 - 0x000000007914a000 	C:\Program Files\MATLAB\R2010b\bin\win64\m_pcodeio.dll
0x000000007aca0000 - 0x000000007aced000 	C:\Program Files\MATLAB\R2010b\bin\win64\m_ir.dll
0x000000007b240000 - 0x000000007b856000 	C:\Program Files\MATLAB\R2010b\bin\win64\m_parser.dll
0x0000000079110000 - 0x0000000079130000 	C:\Program Files\MATLAB\R2010b\bin\win64\m_pcodegen.dll
0x0000000078300000 - 0x0000000078356000 	C:\Program Files\MATLAB\R2010b\bin\win64\libmwspmatrix.dll
0x00007ffee8170000 - 0x00007ffee8302000 	C:\Windows\SYSTEM32\dbghelp.dll
0x0000000079030000 - 0x0000000079087000 	C:\Program Files\MATLAB\R2010b\bin\win64\libmat.dll
0x000000007aae0000 - 0x000000007ab1f000 	C:\Program Files\MATLAB\R2010b\bin\win64\libmwhardcopy.dll
0x000000007ac30000 - 0x000000007ac98000 	C:\Program Files\MATLAB\R2010b\bin\win64\libuij.dll
0x0000000079090000 - 0x000000007910c000 	C:\Program Files\MATLAB\R2010b\bin\win64\libmwlapack.dll
0x00007ffeefce0000 - 0x00007ffeefd66000 	C:\Windows\SYSTEM32\WINSPOOL.DRV
0x000000007ccd0000 - 0x000000007ccda000 	C:\Program Files\MATLAB\R2010b\bin\win64\uinone.dll
0x000000005cdd0000 - 0x000000005cf6c000 	C:\Windows\WinSxS\amd64_microsoft.vc80.mfc_1fc8b3b9a1e18e3b_8.0.50727.6195_none_8448b2bd328df189\MFC80.DLL
0x000000005d3c0000 - 0x000000005d3e0000 	C:\Windows\WinSxS\amd64_microsoft.vc80.atl_1fc8b3b9a1e18e3b_8.0.50727.6195_none_8a1dd9552ed7f8d8\ATL80.DLL
0x000000007cb80000 - 0x000000007cb93000 	C:\Program Files\MATLAB\R2010b\bin\win64\ir_xfmr.dll
0x000000007cc70000 - 0x000000007cc7c000 	C:\Program Files\MATLAB\R2010b\bin\win64\mtok.dll
0x000000007ce60000 - 0x000000007d07b000 	C:\Program Files\MATLAB\R2010b\bin\win64\libhdf5.dll
0x00007ffef35a0000 - 0x00007ffef35cb000 	C:\Windows\SYSTEM32\bcrypt.dll
0x000000007cbc0000 - 0x000000007cbd3000 	C:\Program Files\MATLAB\R2010b\bin\win64\libmwbinder.dll
0x00007ffef6af0000 - 0x00007ffef6b1e000 	C:\Windows\System32\IMM32.DLL
0x000000005d360000 - 0x000000005d369000 	C:\Windows\WinSxS\amd64_microsoft.vc80.mfcloc_1fc8b3b9a1e18e3b_8.0.50727.6195_none_bc20f59b0bdd1acd\MFC80CHS.DLL
0x00007ffef1de0000 - 0x00007ffef1e75000 	C:\Windows\system32\uxtheme.dll
0x00007ffef4b20000 - 0x00007ffef4c7a000 	C:\Windows\System32\MSCTF.dll
0x00007ffef2cb0000 - 0x00007ffef2ce8000 	C:\Windows\SYSTEM32\iphlpapi.dll
0x00007ffef2cf0000 - 0x00007ffef2d91000 	C:\Windows\SYSTEM32\DNSAPI.dll
0x00007ffef71e0000 - 0x00007ffef71e8000 	C:\Windows\System32\NSI.dll
0x00007ffeedd90000 - 0x00007ffeedda6000 	C:\Windows\SYSTEM32\dhcpcsvc6.DLL
0x00007ffeedc90000 - 0x00007ffeedcaa000 	C:\Windows\SYSTEM32\dhcpcsvc.DLL
0x00007ffeeefd0000 - 0x00007ffeeefdb000 	C:\Windows\SYSTEM32\WINNSI.DLL
0x00000000075d0000 - 0x00000000075d3000 	C:\Windows\SYSTEM32\icmp.Dll
0x000000006d7f0000 - 0x000000006de4d000 	C:\Program Files\MATLAB\R2010b\sys\java\jre\win64\jre\bin\server\jvm.dll
0x00007ffef1b90000 - 0x00007ffef1bb3000 	C:\Windows\SYSTEM32\WINMM.dll
0x0000000007aa0000 - 0x0000000007acb000 	C:\Windows\SYSTEM32\WINMMBASE.dll
0x000000007af10000 - 0x000000007af1e000 	C:\Program Files\MATLAB\R2010b\sys\java\jre\win64\jre\bin\verify.dll
0x0000000079200000 - 0x0000000079227000 	C:\Program Files\MATLAB\R2010b\sys\java\jre\win64\jre\bin\java.dll
0x000000007aef0000 - 0x000000007aefa000 	C:\Program Files\MATLAB\R2010b\sys\java\jre\win64\jre\bin\hpi.dll
0x000000007af20000 - 0x000000007af32000 	C:\Program Files\MATLAB\R2010b\sys\java\jre\win64\jre\bin\zip.dll
0x0000000079170000 - 0x0000000079194000 	C:\Program Files\MATLAB\R2010b\bin\win64\nativejava.dll
0x00007ffeeb800000 - 0x00007ffeeb81b000 	C:\Windows\SYSTEM32\MPR.dll
0x00000000791a0000 - 0x00000000791da000 	C:\Program Files\MATLAB\R2010b\bin\win64\nativejmi.dll
0x000000007ccc0000 - 0x000000007ccc7000 	C:\Program Files\MATLAB\R2010b\bin\win64\nativeservices.dll
0x000000007a910000 - 0x000000007aad1000 	C:\Program Files\MATLAB\R2010b\sys\java\jre\win64\jre\bin\awt.dll
0x00007ffef1ae0000 - 0x00007ffef1b5a000 	C:\Windows\SYSTEM32\apphelp.dll
0x00007ffef1160000 - 0x00007ffef1186000 	C:\Windows\SYSTEM32\DWMAPI.DLL
0x000000007afe0000 - 0x000000007b04b000 	C:\Program Files\MATLAB\R2010b\sys\java\jre\win64\jre\bin\fontmanager.dll
0x0000000079230000 - 0x0000000079247000 	C:\Program Files\MATLAB\R2010b\sys\java\jre\win64\jre\bin\net.dll
0x00007ffef2f30000 - 0x00007ffef2f8c000 	C:\Windows\system32\mswsock.dll
0x000000007af00000 - 0x000000007af0b000 	C:\Program Files\MATLAB\R2010b\sys\java\jre\win64\jre\bin\nio.dll
0x00000000783b0000 - 0x00000000783ba000 	C:\Program Files\MATLAB\R2010b\bin\win64\nativelmgr.dll
0x000000007de20000 - 0x000000007de55000 	C:\Program Files\MATLAB\R2010b\sys\java\jre\win64\jre\bin\jpeg.dll
0x00007ffef30e0000 - 0x00007ffef30f7000 	C:\Windows\SYSTEM32\CRYPTSP.dll

VM Arguments:
jvm_args: -Xss512k -XX:PermSize=32m -Xms64m -XX:NewRatio=3 -XX:MaxPermSize=128m -Xmx196m -XX:MaxDirectMemorySize=2147400000 -Dsun.java2d.noddraw=true -Dsun.awt.nopixfmt=true -Xshare:off -Xrs -Dsun.awt.disableMixing=true -Djava.library.path=C:\Program Files\MATLAB\R2010b\bin\win64 vfprintf abort 
java_command: <unknown>
Launcher Type: generic

Environment Variables:
PATH=C:\Windows\system32;C:\Windows;C:\Windows\System32\Wbem;C:\Windows\System32\WindowsPowerShell\v1.0\;C:\Program Files\MATLAB\R2016b\bin;C:\Program Files\MATLAB\R2012b\runtime\win64;C:\Program Files\MATLAB\R2012b\bin;C:\Program Files\MATLAB\R2010b\runtime\win64;C:\Program Files\MATLAB\R2010b\bin;C:\Users\zj\Anaconda2;C:\Users\zj\Anaconda2\Scripts;C:\Users\zj\Anaconda2\Library\bin;C:\Users\zj\AppData\Local\Microsoft\WindowsApps;C:\Python27;C:\Python27\Scripts
USERNAME=zj
OS=Windows_NT
PROCESSOR_IDENTIFIER=Intel64 Family 6 Model 60 Stepping 3, GenuineIntel



---------------  S Y S T E M  ---------------

OS: Windows NT 6.2 Build 9200 

CPU:total 4 (8 cores per cpu, 2 threads per core) family 6 model 60 stepping 3, cmov, cx8, fxsr, mmx, sse, sse2, sse3, ssse3, sse4.1, sse4.2, ht

Memory: 4k page, physical 8257024k(4137612k free), swap 9567744k(3556064k free)

vm_info: Java HotSpot(TM) 64-Bit Server VM (14.3-b01) for windows-amd64 JRE (1.6.0_17-b04), built on Oct 11 2009 00:46:08 by "java_re" with MS VC++ 8.0

time: Wed Apr 26 17:33:59 2017
elapsed time: 75367 seconds

